This is pdfTeX, Version 3.1415926-2.5-1.40.14 (TeX Live 2013/Debian) (format=pdflatex 2016.1.22)  8 FEB 2016 11:29
entering extended mode
 restricted \write18 enabled.
 %&-line parsing enabled.
**WorkLog.tex
(./WorkLog.tex
LaTeX2e <2011/06/27>
Babel <3.9h> and hyphenation patterns for 2 languages loaded.
(/usr/share/texlive/texmf-dist/tex/latex/base/article.cls
Document Class: article 2007/10/19 v1.4h Standard LaTeX document class
(/usr/share/texlive/texmf-dist/tex/latex/base/size10.clo
File: size10.clo 2007/10/19 v1.4h Standard LaTeX file (size option)
)
\c@part=\count79
\c@section=\count80
\c@subsection=\count81
\c@subsubsection=\count82
\c@paragraph=\count83
\c@subparagraph=\count84
\c@figure=\count85
\c@table=\count86
\abovecaptionskip=\skip41
\belowcaptionskip=\skip42
\bibindent=\dimen102
)
(/usr/share/texlive/texmf-dist/tex/latex/graphics/graphicx.sty
Package: graphicx 1999/02/16 v1.0f Enhanced LaTeX Graphics (DPC,SPQR)

(/usr/share/texlive/texmf-dist/tex/latex/graphics/keyval.sty
Package: keyval 1999/03/16 v1.13 key=value parser (DPC)
\KV@toks@=\toks14
)
(/usr/share/texlive/texmf-dist/tex/latex/graphics/graphics.sty
Package: graphics 2009/02/05 v1.0o Standard LaTeX Graphics (DPC,SPQR)

(/usr/share/texlive/texmf-dist/tex/latex/graphics/trig.sty
Package: trig 1999/03/16 v1.09 sin cos tan (DPC)
)
(/usr/share/texlive/texmf-dist/tex/latex/latexconfig/graphics.cfg
File: graphics.cfg 2010/04/23 v1.9 graphics configuration of TeX Live
)
Package graphics Info: Driver file: pdftex.def on input line 91.

(/usr/share/texlive/texmf-dist/tex/latex/pdftex-def/pdftex.def
File: pdftex.def 2011/05/27 v0.06d Graphics/color for pdfTeX

(/usr/share/texlive/texmf-dist/tex/generic/oberdiek/infwarerr.sty
Package: infwarerr 2010/04/08 v1.3 Providing info/warning/error messages (HO)
)
(/usr/share/texlive/texmf-dist/tex/generic/oberdiek/ltxcmds.sty
Package: ltxcmds 2011/11/09 v1.22 LaTeX kernel commands for general use (HO)
)
\Gread@gobject=\count87
))
\Gin@req@height=\dimen103
\Gin@req@width=\dimen104
)

LaTeX Warning: Unused global option(s):
    [10].

(./WorkLog.aux)
\openout1 = `WorkLog.aux'.

LaTeX Font Info:    Checking defaults for OML/cmm/m/it on input line 4.
LaTeX Font Info:    ... okay on input line 4.
LaTeX Font Info:    Checking defaults for T1/cmr/m/n on input line 4.
LaTeX Font Info:    ... okay on input line 4.
LaTeX Font Info:    Checking defaults for OT1/cmr/m/n on input line 4.
LaTeX Font Info:    ... okay on input line 4.
LaTeX Font Info:    Checking defaults for OMS/cmsy/m/n on input line 4.
LaTeX Font Info:    ... okay on input line 4.
LaTeX Font Info:    Checking defaults for OMX/cmex/m/n on input line 4.
LaTeX Font Info:    ... okay on input line 4.
LaTeX Font Info:    Checking defaults for U/cmr/m/n on input line 4.
LaTeX Font Info:    ... okay on input line 4.
 (/usr/share/texlive/texmf-dist/tex/context/base/supp-pdf.mkii
[Loading MPS to PDF converter (version 2006.09.02).]
\scratchcounter=\count88
\scratchdimen=\dimen105
\scratchbox=\box26
\nofMPsegments=\count89
\nofMParguments=\count90
\everyMPshowfont=\toks15
\MPscratchCnt=\count91
\MPscratchDim=\dimen106
\MPnumerator=\count92
\makeMPintoPDFobject=\count93
\everyMPtoPDFconversion=\toks16
) (/usr/share/texlive/texmf-dist/tex/generic/oberdiek/pdftexcmds.sty
Package: pdftexcmds 2011/11/29 v0.20 Utility functions of pdfTeX for LuaTeX (HO
)

(/usr/share/texlive/texmf-dist/tex/generic/oberdiek/ifluatex.sty
Package: ifluatex 2010/03/01 v1.3 Provides the ifluatex switch (HO)
Package ifluatex Info: LuaTeX not detected.
)
(/usr/share/texlive/texmf-dist/tex/generic/oberdiek/ifpdf.sty
Package: ifpdf 2011/01/30 v2.3 Provides the ifpdf switch (HO)
Package ifpdf Info: pdfTeX in PDF mode is detected.
)
Package pdftexcmds Info: LuaTeX not detected.
Package pdftexcmds Info: \pdf@primitive is available.
Package pdftexcmds Info: \pdf@ifprimitive is available.
Package pdftexcmds Info: \pdfdraftmode found.
)
(/usr/share/texlive/texmf-dist/tex/latex/oberdiek/epstopdf-base.sty
Package: epstopdf-base 2010/02/09 v2.5 Base part for package epstopdf

(/usr/share/texlive/texmf-dist/tex/latex/oberdiek/grfext.sty
Package: grfext 2010/08/19 v1.1 Manage graphics extensions (HO)

(/usr/share/texlive/texmf-dist/tex/generic/oberdiek/kvdefinekeys.sty
Package: kvdefinekeys 2011/04/07 v1.3 Define keys (HO)
))
(/usr/share/texlive/texmf-dist/tex/latex/oberdiek/kvoptions.sty
Package: kvoptions 2011/06/30 v3.11 Key value format for package options (HO)

(/usr/share/texlive/texmf-dist/tex/generic/oberdiek/kvsetkeys.sty
Package: kvsetkeys 2012/04/25 v1.16 Key value parser (HO)

(/usr/share/texlive/texmf-dist/tex/generic/oberdiek/etexcmds.sty
Package: etexcmds 2011/02/16 v1.5 Avoid name clashes with e-TeX commands (HO)
Package etexcmds Info: Could not find \expanded.
(etexcmds)             That can mean that you are not using pdfTeX 1.50 or
(etexcmds)             that some package has redefined \expanded.
(etexcmds)             In the latter case, load this package earlier.
)))
Package grfext Info: Graphics extension search list:
(grfext)             [.png,.pdf,.jpg,.mps,.jpeg,.jbig2,.jb2,.PNG,.PDF,.JPG,.JPE
G,.JBIG2,.JB2,.eps]
(grfext)             \AppendGraphicsExtensions on input line 452.

(/usr/share/texlive/texmf-dist/tex/latex/latexconfig/epstopdf-sys.cfg
File: epstopdf-sys.cfg 2010/07/13 v1.3 Configuration of (r)epstopdf for TeX Liv
e
))
LaTeX Font Info:    External font `cmex10' loaded for size
(Font)              <12> on input line 10.
LaTeX Font Info:    External font `cmex10' loaded for size
(Font)              <8> on input line 10.
LaTeX Font Info:    External font `cmex10' loaded for size
(Font)              <6> on input line 10.
LaTeX Font Info:    Try loading font information for OMS+cmr on input line 39.

(/usr/share/texlive/texmf-dist/tex/latex/base/omscmr.fd
File: omscmr.fd 1999/05/25 v2.5h Standard LaTeX font definitions
)
LaTeX Font Info:    Font shape `OMS/cmr/m/n' in size <10> not available
(Font)              Font shape `OMS/cmsy/m/n' tried instead on input line 39.
 [1

{/var/lib/texmf/fonts/map/pdftex/updmap/pdftex.map}]
Underfull \hbox (badness 10000) in paragraph at lines 66--69

 []

Missing character: There is no Ã in font cmr10!
Missing character: There is no © in font cmr10!
Missing character: There is no Ã in font cmr10!
Missing character: There is no © in font cmr10!
Missing character: There is no Ã in font cmr10!
Missing character: There is no ¨ in font cmr10!
Missing character: There is no Ã in font cmr10!
Missing character: There is no © in font cmr10!
Missing character: There is no Ã in font cmr10!
Missing character: There is no © in font cmr10!
Missing character: There is no Ã in font cmr10!
Missing character: There is no © in font cmr10!
Missing character: There is no Ã in font cmr10!
Missing character: There is no ¨ in font cmr10!
Missing character: There is no Ã in font cmr10!
Missing character: There is no © in font cmr10!
Missing character: There is no Ã in font cmr10!
Missing character: There is no © in font cmr10!

Underfull \hbox (badness 10000) in paragraph at lines 74--76

 []

Missing character: There is no Ã in font cmr10!
Missing character: There is no © in font cmr10!
Missing character: There is no Ã in font cmr10!
Missing character: There is no ¨ in font cmr10!
Missing character: There is no Ã in font cmr10!
Missing character: There is no © in font cmr10!
Missing character: There is no Ã in font cmr10!
Missing character: There is no ¨ in font cmr10!
Missing character: There is no Ã in font cmr10!
Missing character: There is no ¨ in font cmr10!
Missing character: There is no Ã in font cmr10!
Missing character: There is no © in font cmr10!

Underfull \hbox (badness 10000) in paragraph at lines 77--78

 []

LaTeX Font Info:    External font `cmex10' loaded for size
(Font)              <7> on input line 81.
LaTeX Font Info:    External font `cmex10' loaded for size
(Font)              <5> on input line 81.
Missing character: There is no Ã in font cmr10!
Missing character: There is no © in font cmr10!
Missing character: There is no Ã in font cmr10!
Missing character: There is no © in font cmr10!
Missing character: There is no Ã in font cmr10!
Missing character: There is no © in font cmr10!
Missing character: There is no Ã in font cmr10!
Missing character: There is no © in font cmr10!
Missing character: There is no Ã in font cmr10!
Missing character: There is no © in font cmr10!
Missing character: There is no Ã in font cmr10!
Missing character: There is no © in font cmr10!
Missing character: There is no Ã in font cmr10!
Missing character: There is no © in font cmr10!
Missing character: There is no Ã in font cmr10!
Missing character: There is no © in font cmr10!

Underfull \hbox (badness 10000) in paragraph at lines 96--97

 []

[2]
Overfull \hbox (1.40227pt too wide) in paragraph at lines 102--106
[]\OT1/cmr/m/n/10 Understand the first boot op-tion of the GRUB menu (Hello - R
ootFS).
 []

[3]
Overfull \hbox (5.02849pt too wide) in paragraph at lines 180--183
[]\OT1/cmr/m/n/10 Explain how the linux ker-nel boots with Hello-RootFS. Hint: 
ini-tial ramdisk
 []

[4]
Overfull \hbox (103.45578pt too wide) in paragraph at lines 234--240
\OML/cmm/m/it/10 https \OT1/cmr/m/n/10 : \OML/cmm/m/it/10 ==www \OMS/cmsy/m/n/1
0 ^^@ \OML/cmm/m/it/10 uxsup:csx:cam:ac:uk=pub=doc=suse=suse\OT1/cmr/m/n/10 9\O
ML/cmm/m/it/10 :\OT1/cmr/m/n/10 2\OML/cmm/m/it/10 =suselinux \OMS/cmsy/m/n/10 ^
^@ \OML/cmm/m/it/10 adminguide[]n=ch\OT1/cmr/m/n/10 07\OML/cmm/m/it/10 s\OT1/cm
r/m/n/10 04\OML/cmm/m/it/10 :html$ 
 []

Missing character: There is no Ã in font cmbx10!
Missing character: There is no © in font cmbx10!
Missing character: There is no Ã in font cmr10!
Missing character: There is no ª in font cmr10!
Missing character: There is no Ã in font cmr10!
Missing character: There is no ® in font cmr10!

Overfull \hbox (18.805pt too wide) in paragraph at lines 243--245
\OT1/cmr/m/n/10 GRUB (ou GNU)est un chargeur de d^^Semarrage ^^Ra l'instar de L
ILO. Il est extr^emement
 []

[5] <SchemaSimplifieGrubDualBoot.png, id=28, 401.5pt x 200.75pt>
File: SchemaSimplifieGrubDualBoot.png Graphic file (type png)

<use SchemaSimplifieGrubDualBoot.png>
Package pdftex.def Info: SchemaSimplifieGrubDualBoot.png used on input line 246
.
(pdftex.def)             Requested size: 401.49901pt x 200.7495pt.

Overfull \hbox (56.49901pt too wide) in paragraph at lines 246--248
[] 
 []

Missing character: There is no Ã in font cmr10!
Missing character: There is no ® in font cmr10!
Missing character: There is no Ã in font cmr10!
Missing character: There is no ´ in font cmr10!
[6 <./SchemaSimplifieGrubDualBoot.png>]
Missing character: There is no Ã in font cmr10!
Missing character: There is no   in font cmr10!
Missing character: There is no Ã in font cmr10!
Missing character: There is no © in font cmr10!
Missing character: There is no Ã in font cmr10!
Missing character: There is no © in font cmr10!
Missing character: There is no Ã in font cmr10!
Missing character: There is no © in font cmr10!
Missing character: There is no Ã in font cmr10!
Missing character: There is no © in font cmr10!
Missing character: There is no Ã in font cmr10!
Missing character: There is no © in font cmr10!
Missing character: There is no Ã in font cmr10!
Missing character: There is no © in font cmr10!

Overfull \hbox (17.3061pt too wide) in paragraph at lines 270--271
[]\OT1/cmr/m/n/10 Les ^^Semulations sont prin-ci-pale-ment utilis^^Sees pour pe
r-me-t-tre ^^Ra d'anciennes
 []

Missing character: There is no Ã in font cmr10!
Missing character: There is no § in font cmr10!
Missing character: There is no Ã in font cmr10!
Missing character: There is no ® in font cmr10!
Missing character: There is no Ã in font cmr10!
Missing character: There is no § in font cmr10!
Missing character: There is no Ã in font cmr10!
Missing character: There is no ¢ in font cmr10!
Missing character: There is no Ã in font cmr10!
Missing character: There is no   in font cmr10!
Missing character: There is no Ã in font cmr10!
Missing character: There is no © in font cmr10!
Missing character: There is no Ã in font cmr10!
Missing character: There is no § in font cmr10!
Missing character: There is no Ã in font cmr10!
Missing character: There is no © in font cmr10!
Missing character: There is no Ã in font cmr10!
Missing character: There is no © in font cmr10!
Missing character: There is no Ã in font cmr10!
Missing character: There is no § in font cmr10!
Missing character: There is no Ã in font cmr10!
Missing character: There is no © in font cmr10!
[7]
Missing character: There is no â in font cmtt9!
Missing character: There is no € in font cmtt9!
Missing character: There is no “ in font cmtt9!
 [8] [9] (./WorkLog.aux) ) 
Here is how much of TeX's memory you used:
 1525 strings out of 495028
 21798 string characters out of 6181497
 77167 words of memory out of 5000000
 4737 multiletter control sequences out of 15000+600000
 9052 words of font info for 32 fonts, out of 8000000 for 9000
 14 hyphenation exceptions out of 8191
 37i,6n,23p,730b,231s stack positions out of 5000i,500n,10000p,200000b,80000s
</usr/share/texlive/texmf-dist/fonts/type1/public/ams
fonts/cm/cmbx10.pfb></usr/share/texlive/texmf-dist/fonts/type1/public/amsfonts/
cm/cmbx12.pfb></usr/share/texlive/texmf-dist/fonts/type1/public/amsfonts/cm/cmm
i10.pfb></usr/share/texlive/texmf-dist/fonts/type1/public/amsfonts/cm/cmmi7.pfb
></usr/share/texlive/texmf-dist/fonts/type1/public/amsfonts/cm/cmr10.pfb></usr/
share/texlive/texmf-dist/fonts/type1/public/amsfonts/cm/cmr12.pfb></usr/share/t
exlive/texmf-dist/fonts/type1/public/amsfonts/cm/cmr17.pfb></usr/share/texlive/
texmf-dist/fonts/type1/public/amsfonts/cm/cmsy10.pfb></usr/share/texlive/texmf-
dist/fonts/type1/public/amsfonts/cm/cmsy7.pfb></usr/share/texlive/texmf-dist/fo
nts/type1/public/amsfonts/cm/cmti10.pfb></usr/share/texlive/texmf-dist/fonts/ty
pe1/public/amsfonts/cm/cmtt9.pfb>
Output written on WorkLog.pdf (9 pages, 175493 bytes).
PDF statistics:
 81 PDF objects out of 1000 (max. 8388607)
 56 compressed objects within 1 object stream
 0 named destinations out of 1000 (max. 500000)
 6 words of extra memory for PDF output out of 10000 (max. 10000000)

